Using pre-set license
Built from '2020.3/staging' branch; Version is '2020.3.25f1 (9b9180224418) revision 10195328'; Using compiler version '192528614'; Build Type 'Release'
OS: 'Windows 10  (10.0.19044) 64bit CoreSingleLanguage' Language: 'en' Physical Memory: 16147 MB
BatchMode: 1, IsHumanControllingUs: 0, StartBugReporterOnCrash: 0, Is64bit: 1, IsPro: 0

COMMAND LINE ARGUMENTS:
C:\Program Files\Unity\Hub\Editor\2020.3.25f1\Editor\Unity.exe
-adb2
-batchMode
-noUpm
-name
AssetImportWorker1
-projectPath
F:/Data D/01 Kuliah/##GKM/Kost Simulator/##GitHub/KostSimulator/KostSimulator_Project_2020.3.25F1
-logFile
Logs/AssetImportWorker1.log
-srvPort
57342
Successfully changed project path to: F:/Data D/01 Kuliah/##GKM/Kost Simulator/##GitHub/KostSimulator/KostSimulator_Project_2020.3.25F1
F:/Data D/01 Kuliah/##GKM/Kost Simulator/##GitHub/KostSimulator/KostSimulator_Project_2020.3.25F1
Using Asset Import Pipeline V2.
Refreshing native plugins compatible for Editor in 36.45 ms, found 2 plugins.
Preloading 0 native plugins for Editor in 0.00 ms.
Initialize engine version: 2020.3.25f1 (9b9180224418)
[Subsystems] Discovering subsystems at path C:/Program Files/Unity/Hub/Editor/2020.3.25f1/Editor/Data/Resources/UnitySubsystems
[Subsystems] Discovering subsystems at path F:/Data D/01 Kuliah/##GKM/Kost Simulator/##GitHub/KostSimulator/KostSimulator_Project_2020.3.25F1/Assets
GfxDevice: creating device client; threaded=0
Direct3D:
    Version:  Direct3D 11.0 [level 11.1]
    Renderer: NVIDIA GeForce RTX 3060 Laptop GPU (ID=0x2520)
    Vendor:   
    VRAM:     6023 MB
    Driver:   27.21.14.6262
Invalid texture used for cursor - check importer settings or texture creation. Texture must be RGBA32, readable, have alphaIsTransparency enabled and have no mip chain.
Initialize mono
Mono path[0] = 'C:/Program Files/Unity/Hub/Editor/2020.3.25f1/Editor/Data/Managed'
Mono path[1] = 'C:/Program Files/Unity/Hub/Editor/2020.3.25f1/Editor/Data/MonoBleedingEdge/lib/mono/unityjit'
Mono config path = 'C:/Program Files/Unity/Hub/Editor/2020.3.25f1/Editor/Data/MonoBleedingEdge/etc'
Using monoOptions --debugger-agent=transport=dt_socket,embedding=1,server=y,suspend=n,address=127.0.0.1:56780
Begin MonoManager ReloadAssembly
Registering precompiled unity dll's ...
Register platform support module: C:/Program Files/Unity/Hub/Editor/2020.3.25f1/Editor/Data/PlaybackEngines/WindowsStandaloneSupport/UnityEditor.WindowsStandalone.Extensions.dll
Registered in 0.001293 seconds.
Native extension for WindowsStandalone target not found
Refreshing native plugins compatible for Editor in 40.76 ms, found 2 plugins.
Preloading 0 native plugins for Editor in 0.00 ms.
Mono: successfully reloaded assembly
- Completed reload, in  0.427 seconds
Domain Reload Profiling:
	ReloadAssembly (427ms)
		BeginReloadAssembly (39ms)
			ExecutionOrderSort (0ms)
			DisableScriptedObjects (0ms)
			BackupInstance (0ms)
			ReleaseScriptingObjects (0ms)
			CreateAndSetChildDomain (1ms)
		EndReloadAssembly (340ms)
			LoadAssemblies (37ms)
			RebuildTransferFunctionScriptingTraits (0ms)
			SetupTypeCache (110ms)
			ReleaseScriptCaches (0ms)
			RebuildScriptCaches (20ms)
			SetupLoadedEditorAssemblies (133ms)
				LogAssemblyErrors (0ms)
				InitializePlatformSupportModulesInManaged (3ms)
				SetLoadedEditorAssemblies (0ms)
				RefreshPlugins (41ms)
				BeforeProcessingInitializeOnLoad (10ms)
				ProcessInitializeOnLoadAttributes (58ms)
				ProcessInitializeOnLoadMethodAttributes (21ms)
				AfterProcessingInitializeOnLoad (0ms)
				EditorAssembliesLoaded (0ms)
			ExecutionOrderSort2 (0ms)
			AwakeInstancesAfterBackupRestoration (0ms)
Platform modules already initialized, skipping
Registering precompiled user dll's ...
Registered in 0.002996 seconds.
Begin MonoManager ReloadAssembly
Native extension for WindowsStandalone target not found
Refreshing native plugins compatible for Editor in 45.94 ms, found 2 plugins.
Preloading 0 native plugins for Editor in 0.00 ms.
Mono: successfully reloaded assembly
- Completed reload, in  4.560 seconds
Domain Reload Profiling:
	ReloadAssembly (4566ms)
		BeginReloadAssembly (99ms)
			ExecutionOrderSort (0ms)
			DisableScriptedObjects (3ms)
			BackupInstance (0ms)
			ReleaseScriptingObjects (0ms)
			CreateAndSetChildDomain (15ms)
		EndReloadAssembly (4424ms)
			LoadAssemblies (2214ms)
			RebuildTransferFunctionScriptingTraits (0ms)
			SetupTypeCache (918ms)
			ReleaseScriptCaches (0ms)
			RebuildScriptCaches (41ms)
			SetupLoadedEditorAssemblies (1153ms)
				LogAssemblyErrors (0ms)
				InitializePlatformSupportModulesInManaged (3ms)
				SetLoadedEditorAssemblies (0ms)
				RefreshPlugins (46ms)
				BeforeProcessingInitializeOnLoad (68ms)
				ProcessInitializeOnLoadAttributes (406ms)
				ProcessInitializeOnLoadMethodAttributes (625ms)
				AfterProcessingInitializeOnLoad (5ms)
				EditorAssembliesLoaded (0ms)
			ExecutionOrderSort2 (0ms)
			AwakeInstancesAfterBackupRestoration (5ms)
Platform modules already initialized, skipping
========================================================================
Worker process is ready to serve import requests
Launched and connected shader compiler UnityShaderCompiler.exe after 0.18 seconds
Refreshing native plugins compatible for Editor in 0.51 ms, found 2 plugins.
Preloading 0 native plugins for Editor in 0.00 ms.
Unloading 2086 Unused Serialized files (Serialized files now loaded: 0)
System memory in use before: 95.6 MB.
System memory in use after: 95.7 MB.

Unloading 23 unused Assets to reduce memory usage. Loaded Objects now: 2530.
Total: 2.886200 ms (FindLiveObjects: 0.276000 ms CreateObjectMapping: 0.032100 ms MarkObjects: 2.495000 ms  DeleteObjects: 0.082100 ms)

AssetImportParameters requested are different than current active one (requested -> active):
  custom:framework-win-MediaFoundation: 216162199b28c13a410421893ffa2e32 -> 
  custom:video-decoder-ogg-theora: a1e56fd34408186e4bbccfd4996cb3dc -> 
  custom:container-muxer-webm: aa71ff27fc2769a1b78a27578f13a17b -> 
  custom:container-demuxer-webm: 4f35f7cbe854078d1ac9338744f61a02 -> 
  custom:container-demuxer-ogg: 62fdf1f143b41e24485cea50d1cbac27 -> 
  custom:video-encoder-webm-vp8: eb34c28f22e8b96e1ab97ce403110664 -> 
  custom:video-decoder-webm-vp8: 9c59270c3fd7afecdb556c50c9e8de78 -> 
  custom:audio-decoder-ogg-vorbis: bf7c407c2cedff20999df2af8eb42d56 -> 
  custom:audio-encoder-webm-vorbis: bf7c407c2cedff20999df2af8eb42d56 -> 
========================================================================
Received Import Request.
  path: Assets/cutsene/to the kost.playable
  artifactKey: Guid(ade79131ff2d9cb4381fa454106a6757) Importer(815301076,1909f56bfc062723c751e8b465ee728b)
Start importing Assets/cutsene/to the kost.playable using Guid(ade79131ff2d9cb4381fa454106a6757) Importer(815301076,1909f56bfc062723c751e8b465ee728b)  -> (artifact id: '10ba8937f286b10989e76f87a4e911d5') in 0.113227 seconds 
  Import took 0.222512 seconds .

========================================================================
Received Prepare
Registering precompiled user dll's ...
Registered in 0.002508 seconds.
Begin MonoManager ReloadAssembly
Native extension for WindowsStandalone target not found
Refreshing native plugins compatible for Editor in 0.48 ms, found 2 plugins.
Preloading 0 native plugins for Editor in 0.00 ms.
Mono: successfully reloaded assembly
- Completed reload, in  0.698 seconds
Domain Reload Profiling:
	ReloadAssembly (698ms)
		BeginReloadAssembly (96ms)
			ExecutionOrderSort (0ms)
			DisableScriptedObjects (3ms)
			BackupInstance (0ms)
			ReleaseScriptingObjects (0ms)
			CreateAndSetChildDomain (25ms)
		EndReloadAssembly (559ms)
			LoadAssemblies (58ms)
			RebuildTransferFunctionScriptingTraits (0ms)
			SetupTypeCache (189ms)
			ReleaseScriptCaches (1ms)
			RebuildScriptCaches (26ms)
			SetupLoadedEditorAssemblies (215ms)
				LogAssemblyErrors (0ms)
				InitializePlatformSupportModulesInManaged (2ms)
				SetLoadedEditorAssemblies (0ms)
				RefreshPlugins (1ms)
				BeforeProcessingInitializeOnLoad (51ms)
				ProcessInitializeOnLoadAttributes (151ms)
				ProcessInitializeOnLoadMethodAttributes (6ms)
				AfterProcessingInitializeOnLoad (4ms)
				EditorAssembliesLoaded (0ms)
			ExecutionOrderSort2 (0ms)
			AwakeInstancesAfterBackupRestoration (4ms)
Platform modules already initialized, skipping
Switching build target platform(19) subTarget(0) extendedPlatform(0) -> platform(13) subTarget(537395200) extendedPlatform(0)
Refreshing native plugins compatible for Editor in 0.49 ms, found 2 plugins.
Preloading 0 native plugins for Editor in 0.00 ms.
Unloading 2065 Unused Serialized files (Serialized files now loaded: 0)
System memory in use before: 93.5 MB.
System memory in use after: 93.6 MB.

Unloading 16 unused Assets to reduce memory usage. Loaded Objects now: 2532.
Total: 2.356200 ms (FindLiveObjects: 0.108400 ms CreateObjectMapping: 0.029800 ms MarkObjects: 2.204700 ms  DeleteObjects: 0.012800 ms)

AssetImportParameters requested are different than current active one (requested -> active):
  custom:framework-win-MediaFoundation: 216162199b28c13a410421893ffa2e32 -> 
  custom:video-decoder-ogg-theora: a1e56fd34408186e4bbccfd4996cb3dc -> 
  custom:container-muxer-webm: aa71ff27fc2769a1b78a27578f13a17b -> 
  custom:container-demuxer-webm: 4f35f7cbe854078d1ac9338744f61a02 -> 
  custom:container-demuxer-ogg: 62fdf1f143b41e24485cea50d1cbac27 -> 
  custom:video-encoder-webm-vp8: eb34c28f22e8b96e1ab97ce403110664 -> 
  custom:video-decoder-webm-vp8: 9c59270c3fd7afecdb556c50c9e8de78 -> 
  custom:graphics/normal-map-encoding: 01000000000000000000000000000000 -> 02000000000000000000000000000000
  custom:audio-decoder-ogg-vorbis: bf7c407c2cedff20999df2af8eb42d56 -> 
  custom:audio-encoder-webm-vorbis: bf7c407c2cedff20999df2af8eb42d56 -> 
========================================================================
Received Prepare
Registering precompiled user dll's ...
Registered in 0.002828 seconds.
Begin MonoManager ReloadAssembly
Native extension for WindowsStandalone target not found
Refreshing native plugins compatible for Editor in 1.08 ms, found 2 plugins.
Preloading 0 native plugins for Editor in 0.00 ms.
Mono: successfully reloaded assembly
- Completed reload, in  0.866 seconds
Domain Reload Profiling:
	ReloadAssembly (866ms)
		BeginReloadAssembly (96ms)
			ExecutionOrderSort (0ms)
			DisableScriptedObjects (4ms)
			BackupInstance (0ms)
			ReleaseScriptingObjects (0ms)
			CreateAndSetChildDomain (29ms)
		EndReloadAssembly (720ms)
			LoadAssemblies (68ms)
			RebuildTransferFunctionScriptingTraits (0ms)
			SetupTypeCache (217ms)
			ReleaseScriptCaches (1ms)
			RebuildScriptCaches (35ms)
			SetupLoadedEditorAssemblies (307ms)
				LogAssemblyErrors (0ms)
				InitializePlatformSupportModulesInManaged (3ms)
				SetLoadedEditorAssemblies (0ms)
				RefreshPlugins (1ms)
				BeforeProcessingInitializeOnLoad (72ms)
				ProcessInitializeOnLoadAttributes (216ms)
				ProcessInitializeOnLoadMethodAttributes (9ms)
				AfterProcessingInitializeOnLoad (5ms)
				EditorAssembliesLoaded (0ms)
			ExecutionOrderSort2 (0ms)
			AwakeInstancesAfterBackupRestoration (6ms)
Platform modules already initialized, skipping
Switching build target platform(19) subTarget(0) extendedPlatform(0) -> platform(13) subTarget(537395200) extendedPlatform(0)
Refreshing native plugins compatible for Editor in 1.05 ms, found 2 plugins.
Preloading 0 native plugins for Editor in 0.00 ms.
Unloading 2065 Unused Serialized files (Serialized files now loaded: 0)
System memory in use before: 93.6 MB.
System memory in use after: 93.7 MB.

Unloading 16 unused Assets to reduce memory usage. Loaded Objects now: 2534.
Total: 3.786800 ms (FindLiveObjects: 0.164400 ms CreateObjectMapping: 0.034700 ms MarkObjects: 3.564000 ms  DeleteObjects: 0.021600 ms)

AssetImportParameters requested are different than current active one (requested -> active):
  custom:framework-win-MediaFoundation: 216162199b28c13a410421893ffa2e32 -> 
  custom:video-decoder-ogg-theora: a1e56fd34408186e4bbccfd4996cb3dc -> 
  custom:container-muxer-webm: aa71ff27fc2769a1b78a27578f13a17b -> 
  custom:container-demuxer-webm: 4f35f7cbe854078d1ac9338744f61a02 -> 
  custom:container-demuxer-ogg: 62fdf1f143b41e24485cea50d1cbac27 -> 
  custom:video-encoder-webm-vp8: eb34c28f22e8b96e1ab97ce403110664 -> 
  custom:video-decoder-webm-vp8: 9c59270c3fd7afecdb556c50c9e8de78 -> 
  custom:graphics/normal-map-encoding: 01000000000000000000000000000000 -> 02000000000000000000000000000000
  custom:audio-decoder-ogg-vorbis: bf7c407c2cedff20999df2af8eb42d56 -> 
  custom:audio-encoder-webm-vorbis: bf7c407c2cedff20999df2af8eb42d56 -> 
========================================================================
Received Import Request.
  Time since last request: 1553.049582 seconds.
  path: Assets/Resources/2D/GIF/BG Main Menu/bg.jpg
  artifactKey: Guid(8cf16ed619b4485459a6368fa4bbf6ea) Importer(815301076,1909f56bfc062723c751e8b465ee728b)
Start importing Assets/Resources/2D/GIF/BG Main Menu/bg.jpg using Guid(8cf16ed619b4485459a6368fa4bbf6ea) Importer(815301076,1909f56bfc062723c751e8b465ee728b)  -> (artifact id: '7d4c1383f1e816c71148042156a4fc3d') in 0.156831 seconds 
  Import took 0.160960 seconds .

========================================================================
Received Import Request.
  Time since last request: 111.402261 seconds.
  path: Assets/Resources/2D/GIF/BG Main Menu/Comp 1-0.jpg
  artifactKey: Guid(729c3efd1af03614d86ee313c96d58c1) Importer(815301076,1909f56bfc062723c751e8b465ee728b)
Start importing Assets/Resources/2D/GIF/BG Main Menu/Comp 1-0.jpg using Guid(729c3efd1af03614d86ee313c96d58c1) Importer(815301076,1909f56bfc062723c751e8b465ee728b)  -> (artifact id: '3ab8b8d409e2f6363773f59e73429b79') in 0.122319 seconds 
  Import took 0.126743 seconds .

========================================================================
Received Import Request.
  Time since last request: 0.000194 seconds.
  path: Assets/Resources/2D/GIF/BG Main Menu/Comp 1-12.jpg
  artifactKey: Guid(08e68561c48ae1e4e9ee670d63659507) Importer(815301076,1909f56bfc062723c751e8b465ee728b)
Start importing Assets/Resources/2D/GIF/BG Main Menu/Comp 1-12.jpg using Guid(08e68561c48ae1e4e9ee670d63659507) Importer(815301076,1909f56bfc062723c751e8b465ee728b)  -> (artifact id: '9ced925e3a6240fdb972d4115ea50182') in 0.133997 seconds 
  Import took 0.137683 seconds .

========================================================================
Received Import Request.
  Time since last request: 0.000224 seconds.
  path: Assets/Resources/2D/GIF/BG Main Menu/Comp 1-13.jpg
  artifactKey: Guid(3bf35037332288844940dd61f0baec26) Importer(815301076,1909f56bfc062723c751e8b465ee728b)
Start importing Assets/Resources/2D/GIF/BG Main Menu/Comp 1-13.jpg using Guid(3bf35037332288844940dd61f0baec26) Importer(815301076,1909f56bfc062723c751e8b465ee728b)  -> (artifact id: '9333b03151ef5211c700ebe98af2a745') in 0.091120 seconds 
  Import took 0.093992 seconds .

========================================================================
Received Import Request.
  Time since last request: 0.000191 seconds.
  path: Assets/Resources/2D/GIF/BG Main Menu/Comp 1-11.jpg
  artifactKey: Guid(f4c59204d2e4f624b9102e793dcc63dd) Importer(815301076,1909f56bfc062723c751e8b465ee728b)
Start importing Assets/Resources/2D/GIF/BG Main Menu/Comp 1-11.jpg using Guid(f4c59204d2e4f624b9102e793dcc63dd) Importer(815301076,1909f56bfc062723c751e8b465ee728b)  -> (artifact id: '496a88d2034481c7a7f00af70def3c41') in 0.086841 seconds 
  Import took 0.089597 seconds .

========================================================================
Received Import Request.
  Time since last request: 0.000189 seconds.
  path: Assets/Resources/2D/GIF/BG Main Menu/Comp 1-7.jpg
  artifactKey: Guid(176e5faadb21f2e408af08ddc0661379) Importer(815301076,1909f56bfc062723c751e8b465ee728b)
Start importing Assets/Resources/2D/GIF/BG Main Menu/Comp 1-7.jpg using Guid(176e5faadb21f2e408af08ddc0661379) Importer(815301076,1909f56bfc062723c751e8b465ee728b)  -> (artifact id: 'e56c18a36ca1e8b34f63bae180492495') in 0.087264 seconds 
  Import took 0.090022 seconds .

========================================================================
Received Import Request.
  Time since last request: 0.000183 seconds.
  path: Assets/Resources/2D/GIF/BG Main Menu/Comp 1-4.jpg
  artifactKey: Guid(5837a0d78e6b62a49a3ebadcdd4522d2) Importer(815301076,1909f56bfc062723c751e8b465ee728b)
Start importing Assets/Resources/2D/GIF/BG Main Menu/Comp 1-4.jpg using Guid(5837a0d78e6b62a49a3ebadcdd4522d2) Importer(815301076,1909f56bfc062723c751e8b465ee728b)  -> (artifact id: 'ed52eb691740151dc350ec52ab0855a5') in 0.085185 seconds 
  Import took 0.088515 seconds .

========================================================================
Received Import Request.
  Time since last request: 0.000219 seconds.
  path: Assets/Resources/2D/GIF/BG Main Menu/Comp 1-2.jpg
  artifactKey: Guid(5e15796698afb014db1802139f7ec043) Importer(815301076,1909f56bfc062723c751e8b465ee728b)
Start importing Assets/Resources/2D/GIF/BG Main Menu/Comp 1-2.jpg using Guid(5e15796698afb014db1802139f7ec043) Importer(815301076,1909f56bfc062723c751e8b465ee728b)  -> (artifact id: '9b6c45f31ddcb7d73455bc415272b13b') in 0.020050 seconds 
  Import took 0.023076 seconds .

========================================================================
Received Import Request.
  Time since last request: 0.000192 seconds.
  path: Assets/Resources/2D/GIF/BG Main Menu/Comp 1-10.jpg
  artifactKey: Guid(5c0c2ba8d5997b54ab751fd666cc2f92) Importer(815301076,1909f56bfc062723c751e8b465ee728b)
Start importing Assets/Resources/2D/GIF/BG Main Menu/Comp 1-10.jpg using Guid(5c0c2ba8d5997b54ab751fd666cc2f92) Importer(815301076,1909f56bfc062723c751e8b465ee728b)  -> (artifact id: '9bb13f2781ed2f13e0fc449e6c6c61c1') in 0.073638 seconds 
  Import took 0.077244 seconds .

========================================================================
Received Import Request.
  Time since last request: 0.000176 seconds.
  path: Assets/Resources/2D/GIF/BG Main Menu/Comp 1-1.jpg
  artifactKey: Guid(8670e12375d80594bbc89fd6d901cb36) Importer(815301076,1909f56bfc062723c751e8b465ee728b)
Start importing Assets/Resources/2D/GIF/BG Main Menu/Comp 1-1.jpg using Guid(8670e12375d80594bbc89fd6d901cb36) Importer(815301076,1909f56bfc062723c751e8b465ee728b)  -> (artifact id: '8ff015ac6c59b3904a7b09180e5d1ce4') in 0.020858 seconds 
  Import took 0.023981 seconds .

========================================================================
Received Import Request.
  Time since last request: 0.000186 seconds.
  path: Assets/Resources/2D/GIF/BG Main Menu/Comp 1-6.jpg
  artifactKey: Guid(1c6c3fffffb96fc43bca766d275e158d) Importer(815301076,1909f56bfc062723c751e8b465ee728b)
Start importing Assets/Resources/2D/GIF/BG Main Menu/Comp 1-6.jpg using Guid(1c6c3fffffb96fc43bca766d275e158d) Importer(815301076,1909f56bfc062723c751e8b465ee728b)  -> (artifact id: 'cf8e5ea379cfd289ce93498bfd471c5f') in 0.073946 seconds 
  Import took 0.077077 seconds .

========================================================================
Received Import Request.
  Time since last request: 0.000190 seconds.
  path: Assets/Resources/2D/GIF/BG Main Menu/Comp 1-3.jpg
  artifactKey: Guid(598ddc36455e1c74392520e009fc4b73) Importer(815301076,1909f56bfc062723c751e8b465ee728b)
Start importing Assets/Resources/2D/GIF/BG Main Menu/Comp 1-3.jpg using Guid(598ddc36455e1c74392520e009fc4b73) Importer(815301076,1909f56bfc062723c751e8b465ee728b)  -> (artifact id: '57ffea668457fbfc0c0104b71f8054ef') in 0.020465 seconds 
  Import took 0.023532 seconds .

========================================================================
Received Import Request.
  Time since last request: 0.000319 seconds.
  path: Assets/Resources/2D/GIF/BG Main Menu/Comp 1-9.jpg
  artifactKey: Guid(da2b0983c95ea6c488b50f35729157f5) Importer(815301076,1909f56bfc062723c751e8b465ee728b)
Start importing Assets/Resources/2D/GIF/BG Main Menu/Comp 1-9.jpg using Guid(da2b0983c95ea6c488b50f35729157f5) Importer(815301076,1909f56bfc062723c751e8b465ee728b)  -> (artifact id: '9c61ee59893d9bef01dae6c68b1f98ba') in 0.070356 seconds 
  Import took 0.073385 seconds .

========================================================================
Received Import Request.
  Time since last request: 0.000261 seconds.
  path: Assets/Resources/2D/GIF/BG Main Menu/Comp 1-8.jpg
  artifactKey: Guid(03fa673af5ff9b544b802b426b625433) Importer(815301076,1909f56bfc062723c751e8b465ee728b)
Start importing Assets/Resources/2D/GIF/BG Main Menu/Comp 1-8.jpg using Guid(03fa673af5ff9b544b802b426b625433) Importer(815301076,1909f56bfc062723c751e8b465ee728b)  -> (artifact id: '451bb14a0ec0260ddfd2eeaf9edbf7fb') in 0.077864 seconds 
  Import took 0.080791 seconds .

========================================================================
Received Import Request.
  Time since last request: 1.621025 seconds.
  path: Assets/Resources/2D/GIF/BG Main Menu/Comp 1-35.jpg
  artifactKey: Guid(0fdd07623edebfb49baae4fd4458afbc) Importer(815301076,1909f56bfc062723c751e8b465ee728b)
Start importing Assets/Resources/2D/GIF/BG Main Menu/Comp 1-35.jpg using Guid(0fdd07623edebfb49baae4fd4458afbc) Importer(815301076,1909f56bfc062723c751e8b465ee728b)  -> (artifact id: '316d9517b8ed491079fd6b43c13b3889') in 0.214070 seconds 
  Import took 0.217039 seconds .

========================================================================
Received Import Request.
  Time since last request: 0.000169 seconds.
  path: Assets/Resources/2D/GIF/BG Main Menu/Comp 1-37.jpg
  artifactKey: Guid(497b1bfcaa139df4fb5cca5d2e931782) Importer(815301076,1909f56bfc062723c751e8b465ee728b)
Start importing Assets/Resources/2D/GIF/BG Main Menu/Comp 1-37.jpg using Guid(497b1bfcaa139df4fb5cca5d2e931782) Importer(815301076,1909f56bfc062723c751e8b465ee728b)  -> (artifact id: '67a2dda736df643afaa4750cdd5bf158') in 0.082893 seconds 
  Import took 0.085643 seconds .

========================================================================
Received Import Request.
  Time since last request: 0.000199 seconds.
  path: Assets/Resources/2D/GIF/BG Main Menu/Comp 1-41.jpg
  artifactKey: Guid(f8186f490aaa7194aa24abc79a95ab09) Importer(815301076,1909f56bfc062723c751e8b465ee728b)
Start importing Assets/Resources/2D/GIF/BG Main Menu/Comp 1-41.jpg using Guid(f8186f490aaa7194aa24abc79a95ab09) Importer(815301076,1909f56bfc062723c751e8b465ee728b)  -> (artifact id: 'a82ecffd01c8e41a26345b73387b482d') in 0.086972 seconds 
  Import took 0.089675 seconds .

========================================================================
Received Import Request.
  Time since last request: 0.000217 seconds.
  path: Assets/Resources/2D/GIF/BG Main Menu/Comp 1-48.jpg
  artifactKey: Guid(625e9e96c4c764a44804d551485ac30f) Importer(815301076,1909f56bfc062723c751e8b465ee728b)
Start importing Assets/Resources/2D/GIF/BG Main Menu/Comp 1-48.jpg using Guid(625e9e96c4c764a44804d551485ac30f) Importer(815301076,1909f56bfc062723c751e8b465ee728b)  -> (artifact id: '99b8a93027a573c03e4b8df0a8da3e81') in 0.110466 seconds 
  Import took 0.113216 seconds .

========================================================================
Received Import Request.
  Time since last request: 0.000168 seconds.
  path: Assets/Resources/2D/GIF/BG Main Menu/Comp 1-42.jpg
  artifactKey: Guid(834e821d2a4958947869da7b42d9997b) Importer(815301076,1909f56bfc062723c751e8b465ee728b)
Start importing Assets/Resources/2D/GIF/BG Main Menu/Comp 1-42.jpg using Guid(834e821d2a4958947869da7b42d9997b) Importer(815301076,1909f56bfc062723c751e8b465ee728b)  -> (artifact id: '5a410211d6ba1bd0424d8765f01fd55f') in 0.153860 seconds 
  Import took 0.157101 seconds .

========================================================================
Received Import Request.
  Time since last request: 0.000254 seconds.
  path: Assets/Resources/2D/GIF/BG Main Menu/Comp 1-49.jpg
  artifactKey: Guid(14229c59dafb04f4da0681423f7ef385) Importer(815301076,1909f56bfc062723c751e8b465ee728b)
Start importing Assets/Resources/2D/GIF/BG Main Menu/Comp 1-49.jpg using Guid(14229c59dafb04f4da0681423f7ef385) Importer(815301076,1909f56bfc062723c751e8b465ee728b)  -> (artifact id: 'c977de2b37685b03b76275f2fefde02f') in 0.116853 seconds 
  Import took 0.119680 seconds .

========================================================================
Received Import Request.
  Time since last request: 0.000203 seconds.
  path: Assets/Resources/2D/GIF/BG Main Menu/Comp 1-38.jpg
  artifactKey: Guid(f9823165f53f6904da55d293cf14c27d) Importer(815301076,1909f56bfc062723c751e8b465ee728b)
Start importing Assets/Resources/2D/GIF/BG Main Menu/Comp 1-38.jpg using Guid(f9823165f53f6904da55d293cf14c27d) Importer(815301076,1909f56bfc062723c751e8b465ee728b)  -> (artifact id: '0d392c4d4402c3129073e288d51dcc31') in 0.087260 seconds 
  Import took 0.090110 seconds .

========================================================================
Received Import Request.
  Time since last request: 0.000192 seconds.
  path: Assets/Resources/2D/GIF/BG Main Menu/Comp 1-46.jpg
  artifactKey: Guid(e43f96e73a7040643ac1dd3059c86e97) Importer(815301076,1909f56bfc062723c751e8b465ee728b)
Start importing Assets/Resources/2D/GIF/BG Main Menu/Comp 1-46.jpg using Guid(e43f96e73a7040643ac1dd3059c86e97) Importer(815301076,1909f56bfc062723c751e8b465ee728b)  -> (artifact id: 'fe1ac4a590485aef532105d4fff6b7cd') in 0.085489 seconds 
  Import took 0.088580 seconds .

========================================================================
Received Import Request.
  Time since last request: 0.000224 seconds.
  path: Assets/Resources/2D/GIF/BG Main Menu/Comp 1-47.jpg
  artifactKey: Guid(30541386789faa04c91433a92f8b7f8e) Importer(815301076,1909f56bfc062723c751e8b465ee728b)
Start importing Assets/Resources/2D/GIF/BG Main Menu/Comp 1-47.jpg using Guid(30541386789faa04c91433a92f8b7f8e) Importer(815301076,1909f56bfc062723c751e8b465ee728b)  -> (artifact id: '630a64f60dfb3caccf0458696d2c760a') in 0.086207 seconds 
  Import took 0.089132 seconds .

========================================================================
Received Import Request.
  Time since last request: 0.000201 seconds.
  path: Assets/Resources/2D/GIF/BG Main Menu/Comp 1-43.jpg
  artifactKey: Guid(dc2570c2aa74b324e9ac6a8da4e8822c) Importer(815301076,1909f56bfc062723c751e8b465ee728b)
Start importing Assets/Resources/2D/GIF/BG Main Menu/Comp 1-43.jpg using Guid(dc2570c2aa74b324e9ac6a8da4e8822c) Importer(815301076,1909f56bfc062723c751e8b465ee728b)  -> (artifact id: 'ecee0f07498b7d797955203f7bf168ca') in 0.086109 seconds 
  Import took 0.088858 seconds .

========================================================================
Received Import Request.
  Time since last request: 0.000195 seconds.
  path: Assets/Resources/2D/GIF/BG Main Menu/Comp 1-45.jpg
  artifactKey: Guid(09732041b7a30bc469d4f100deedd86b) Importer(815301076,1909f56bfc062723c751e8b465ee728b)
Start importing Assets/Resources/2D/GIF/BG Main Menu/Comp 1-45.jpg using Guid(09732041b7a30bc469d4f100deedd86b) Importer(815301076,1909f56bfc062723c751e8b465ee728b)  -> (artifact id: '684e2eb458be53f3f935314364fbb851') in 0.085720 seconds 
  Import took 0.088652 seconds .

========================================================================
Received Import Request.
  Time since last request: 0.000180 seconds.
  path: Assets/Resources/2D/GIF/BG Main Menu/Comp 1-39.jpg
  artifactKey: Guid(66b73b17a91510c46ba34cbc5ac4fe6e) Importer(815301076,1909f56bfc062723c751e8b465ee728b)
Start importing Assets/Resources/2D/GIF/BG Main Menu/Comp 1-39.jpg using Guid(66b73b17a91510c46ba34cbc5ac4fe6e) Importer(815301076,1909f56bfc062723c751e8b465ee728b)  -> (artifact id: '8b302540444d1b10e8a27720f533804f') in 0.075767 seconds 
  Import took 0.078820 seconds .

========================================================================
Received Import Request.
  Time since last request: 0.000192 seconds.
  path: Assets/Resources/2D/GIF/BG Main Menu/Comp 1-44.jpg
  artifactKey: Guid(0830494e669a2964bad23c8c81649620) Importer(815301076,1909f56bfc062723c751e8b465ee728b)
Start importing Assets/Resources/2D/GIF/BG Main Menu/Comp 1-44.jpg using Guid(0830494e669a2964bad23c8c81649620) Importer(815301076,1909f56bfc062723c751e8b465ee728b)  -> (artifact id: '2c2b90cf4af92b3f729b70f38554b3ed') in 0.075190 seconds 
  Import took 0.077934 seconds .

========================================================================
Received Import Request.
  Time since last request: 0.000292 seconds.
  path: Assets/Resources/2D/GIF/BG Main Menu/Comp 1-40.jpg
  artifactKey: Guid(6281878bcc367f04683955d4a38f9f66) Importer(815301076,1909f56bfc062723c751e8b465ee728b)
Start importing Assets/Resources/2D/GIF/BG Main Menu/Comp 1-40.jpg using Guid(6281878bcc367f04683955d4a38f9f66) Importer(815301076,1909f56bfc062723c751e8b465ee728b)  -> (artifact id: 'aadf077cdfc5edd9639d7d3d6f0eaf7c') in 0.108771 seconds 
  Import took 0.111745 seconds .

========================================================================
Received Import Request.
  Time since last request: 0.000230 seconds.
  path: Assets/Resources/2D/GIF/BG Main Menu/Comp 1-36.jpg
  artifactKey: Guid(bd66d16836d12d841a2c14a6639cc757) Importer(815301076,1909f56bfc062723c751e8b465ee728b)
Start importing Assets/Resources/2D/GIF/BG Main Menu/Comp 1-36.jpg using Guid(bd66d16836d12d841a2c14a6639cc757) Importer(815301076,1909f56bfc062723c751e8b465ee728b)  -> (artifact id: '05ecea5584a8508262bb17d77888673f') in 0.096871 seconds 
  Import took 0.099892 seconds .

========================================================================
Received Import Request.
  Time since last request: 0.000244 seconds.
  path: Assets/Resources/2D/GIF/BG Main Menu/Comp 1-50.jpg
  artifactKey: Guid(498b853d557da274181b9afe1d08c178) Importer(815301076,1909f56bfc062723c751e8b465ee728b)
Start importing Assets/Resources/2D/GIF/BG Main Menu/Comp 1-50.jpg using Guid(498b853d557da274181b9afe1d08c178) Importer(815301076,1909f56bfc062723c751e8b465ee728b)  -> (artifact id: '5fe8c43c0a08b0ad4f61ef2e7b1af911') in 0.067018 seconds 
  Import took 0.069930 seconds .

========================================================================
Received Import Request.
  Time since last request: 0.000194 seconds.
  path: Assets/Resources/2D/GIF/BG Main Menu/Comp 1-51.jpg
  artifactKey: Guid(18ebfc214e6b94d4abd5f3f12bd6fdf5) Importer(815301076,1909f56bfc062723c751e8b465ee728b)
Start importing Assets/Resources/2D/GIF/BG Main Menu/Comp 1-51.jpg using Guid(18ebfc214e6b94d4abd5f3f12bd6fdf5) Importer(815301076,1909f56bfc062723c751e8b465ee728b)  -> (artifact id: '10208d725da51543209e67b67056096b') in 0.097706 seconds 
  Import took 0.100478 seconds .

========================================================================
Received Prepare
Registering precompiled user dll's ...
Registered in 0.003231 seconds.
Begin MonoManager ReloadAssembly
Native extension for WindowsStandalone target not found
Refreshing native plugins compatible for Editor in 0.53 ms, found 2 plugins.
Preloading 0 native plugins for Editor in 0.00 ms.
Mono: successfully reloaded assembly
- Completed reload, in  0.861 seconds
Domain Reload Profiling:
	ReloadAssembly (862ms)
		BeginReloadAssembly (125ms)
			ExecutionOrderSort (0ms)
			DisableScriptedObjects (4ms)
			BackupInstance (0ms)
			ReleaseScriptingObjects (0ms)
			CreateAndSetChildDomain (47ms)
		EndReloadAssembly (691ms)
			LoadAssemblies (75ms)
			RebuildTransferFunctionScriptingTraits (0ms)
			SetupTypeCache (228ms)
			ReleaseScriptCaches (1ms)
			RebuildScriptCaches (33ms)
			SetupLoadedEditorAssemblies (264ms)
				LogAssemblyErrors (0ms)
				InitializePlatformSupportModulesInManaged (3ms)
				SetLoadedEditorAssemblies (0ms)
				RefreshPlugins (1ms)
				BeforeProcessingInitializeOnLoad (56ms)
				ProcessInitializeOnLoadAttributes (192ms)
				ProcessInitializeOnLoadMethodAttributes (7ms)
				AfterProcessingInitializeOnLoad (4ms)
				EditorAssembliesLoaded (0ms)
			ExecutionOrderSort2 (0ms)
			AwakeInstancesAfterBackupRestoration (5ms)
Platform modules already initialized, skipping
Switching build target platform(19) subTarget(0) extendedPlatform(0) -> platform(13) subTarget(537395200) extendedPlatform(0)
Refreshing native plugins compatible for Editor in 0.66 ms, found 2 plugins.
Preloading 0 native plugins for Editor in 0.00 ms.
Unloading 2065 Unused Serialized files (Serialized files now loaded: 0)
System memory in use before: 96.5 MB.
System memory in use after: 96.6 MB.

Unloading 16 unused Assets to reduce memory usage. Loaded Objects now: 2542.
Total: 2.587600 ms (FindLiveObjects: 0.188000 ms CreateObjectMapping: 0.057300 ms MarkObjects: 2.324500 ms  DeleteObjects: 0.016000 ms)

AssetImportParameters requested are different than current active one (requested -> active):
  custom:framework-win-MediaFoundation: 216162199b28c13a410421893ffa2e32 -> 
  custom:video-decoder-ogg-theora: a1e56fd34408186e4bbccfd4996cb3dc -> 
  custom:container-muxer-webm: aa71ff27fc2769a1b78a27578f13a17b -> 
  custom:container-demuxer-webm: 4f35f7cbe854078d1ac9338744f61a02 -> 
  custom:container-demuxer-ogg: 62fdf1f143b41e24485cea50d1cbac27 -> 
  custom:video-encoder-webm-vp8: eb34c28f22e8b96e1ab97ce403110664 -> 
  custom:video-decoder-webm-vp8: 9c59270c3fd7afecdb556c50c9e8de78 -> 
  custom:graphics/normal-map-encoding: 01000000000000000000000000000000 -> 02000000000000000000000000000000
  custom:audio-decoder-ogg-vorbis: bf7c407c2cedff20999df2af8eb42d56 -> 
  custom:audio-encoder-webm-vorbis: bf7c407c2cedff20999df2af8eb42d56 -> 
========================================================================
Received Prepare
Registering precompiled user dll's ...
Registered in 0.003562 seconds.
Begin MonoManager ReloadAssembly
Native extension for WindowsStandalone target not found
Refreshing native plugins compatible for Editor in 0.94 ms, found 2 plugins.
Preloading 0 native plugins for Editor in 0.00 ms.
Mono: successfully reloaded assembly
- Completed reload, in  0.956 seconds
Domain Reload Profiling:
	ReloadAssembly (957ms)
		BeginReloadAssembly (111ms)
			ExecutionOrderSort (0ms)
			DisableScriptedObjects (4ms)
			BackupInstance (0ms)
			ReleaseScriptingObjects (0ms)
			CreateAndSetChildDomain (35ms)
		EndReloadAssembly (788ms)
			LoadAssemblies (83ms)
			RebuildTransferFunctionScriptingTraits (0ms)
			SetupTypeCache (256ms)
			ReleaseScriptCaches (1ms)
			RebuildScriptCaches (37ms)
			SetupLoadedEditorAssemblies (299ms)
				LogAssemblyErrors (0ms)
				InitializePlatformSupportModulesInManaged (4ms)
				SetLoadedEditorAssemblies (1ms)
				RefreshPlugins (1ms)
				BeforeProcessingInitializeOnLoad (66ms)
				ProcessInitializeOnLoadAttributes (212ms)
				ProcessInitializeOnLoadMethodAttributes (10ms)
				AfterProcessingInitializeOnLoad (5ms)
				EditorAssembliesLoaded (0ms)
			ExecutionOrderSort2 (0ms)
			AwakeInstancesAfterBackupRestoration (6ms)
Platform modules already initialized, skipping
Switching build target platform(19) subTarget(0) extendedPlatform(0) -> platform(13) subTarget(537395200) extendedPlatform(0)
Refreshing native plugins compatible for Editor in 0.78 ms, found 2 plugins.
Preloading 0 native plugins for Editor in 0.00 ms.
Unloading 2065 Unused Serialized files (Serialized files now loaded: 0)
System memory in use before: 96.5 MB.
System memory in use after: 96.7 MB.

Unloading 16 unused Assets to reduce memory usage. Loaded Objects now: 2544.
Total: 3.193900 ms (FindLiveObjects: 0.144100 ms CreateObjectMapping: 0.040000 ms MarkObjects: 2.990600 ms  DeleteObjects: 0.017800 ms)

AssetImportParameters requested are different than current active one (requested -> active):
  custom:framework-win-MediaFoundation: 216162199b28c13a410421893ffa2e32 -> 
  custom:video-decoder-ogg-theora: a1e56fd34408186e4bbccfd4996cb3dc -> 
  custom:container-muxer-webm: aa71ff27fc2769a1b78a27578f13a17b -> 
  custom:container-demuxer-webm: 4f35f7cbe854078d1ac9338744f61a02 -> 
  custom:container-demuxer-ogg: 62fdf1f143b41e24485cea50d1cbac27 -> 
  custom:video-encoder-webm-vp8: eb34c28f22e8b96e1ab97ce403110664 -> 
  custom:video-decoder-webm-vp8: 9c59270c3fd7afecdb556c50c9e8de78 -> 
  custom:graphics/normal-map-encoding: 01000000000000000000000000000000 -> 02000000000000000000000000000000
  custom:audio-decoder-ogg-vorbis: bf7c407c2cedff20999df2af8eb42d56 -> 
  custom:audio-encoder-webm-vorbis: bf7c407c2cedff20999df2af8eb42d56 -> 
========================================================================
Received Prepare
Registering precompiled user dll's ...
Registered in 0.002854 seconds.
Begin MonoManager ReloadAssembly
Native extension for WindowsStandalone target not found
Refreshing native plugins compatible for Editor in 0.95 ms, found 2 plugins.
Preloading 0 native plugins for Editor in 0.00 ms.
Mono: successfully reloaded assembly
- Completed reload, in  0.890 seconds
Domain Reload Profiling:
	ReloadAssembly (890ms)
		BeginReloadAssembly (106ms)
			ExecutionOrderSort (0ms)
			DisableScriptedObjects (4ms)
			BackupInstance (0ms)
			ReleaseScriptingObjects (0ms)
			CreateAndSetChildDomain (33ms)
		EndReloadAssembly (731ms)
			LoadAssemblies (74ms)
			RebuildTransferFunctionScriptingTraits (0ms)
			SetupTypeCache (242ms)
			ReleaseScriptCaches (1ms)
			RebuildScriptCaches (33ms)
			SetupLoadedEditorAssemblies (277ms)
				LogAssemblyErrors (0ms)
				InitializePlatformSupportModulesInManaged (3ms)
				SetLoadedEditorAssemblies (1ms)
				RefreshPlugins (1ms)
				BeforeProcessingInitializeOnLoad (60ms)
				ProcessInitializeOnLoadAttributes (200ms)
				ProcessInitializeOnLoadMethodAttributes (8ms)
				AfterProcessingInitializeOnLoad (4ms)
				EditorAssembliesLoaded (0ms)
			ExecutionOrderSort2 (0ms)
			AwakeInstancesAfterBackupRestoration (5ms)
Platform modules already initialized, skipping
Switching build target platform(19) subTarget(0) extendedPlatform(0) -> platform(13) subTarget(537395200) extendedPlatform(0)
Refreshing native plugins compatible for Editor in 0.73 ms, found 2 plugins.
Preloading 0 native plugins for Editor in 0.00 ms.
Unloading 2065 Unused Serialized files (Serialized files now loaded: 0)
System memory in use before: 96.5 MB.
System memory in use after: 96.6 MB.

Unloading 16 unused Assets to reduce memory usage. Loaded Objects now: 2546.
Total: 3.944900 ms (FindLiveObjects: 0.225100 ms CreateObjectMapping: 0.036700 ms MarkObjects: 3.658100 ms  DeleteObjects: 0.023500 ms)

AssetImportParameters requested are different than current active one (requested -> active):
  custom:framework-win-MediaFoundation: 216162199b28c13a410421893ffa2e32 -> 
  custom:video-decoder-ogg-theora: a1e56fd34408186e4bbccfd4996cb3dc -> 
  custom:container-muxer-webm: aa71ff27fc2769a1b78a27578f13a17b -> 
  custom:container-demuxer-webm: 4f35f7cbe854078d1ac9338744f61a02 -> 
  custom:container-demuxer-ogg: 62fdf1f143b41e24485cea50d1cbac27 -> 
  custom:video-encoder-webm-vp8: eb34c28f22e8b96e1ab97ce403110664 -> 
  custom:video-decoder-webm-vp8: 9c59270c3fd7afecdb556c50c9e8de78 -> 
  custom:graphics/normal-map-encoding: 01000000000000000000000000000000 -> 02000000000000000000000000000000
  custom:audio-decoder-ogg-vorbis: bf7c407c2cedff20999df2af8eb42d56 -> 
  custom:audio-encoder-webm-vorbis: bf7c407c2cedff20999df2af8eb42d56 -> 
========================================================================
Received Import Request.
  Time since last request: 1832.720100 seconds.
  path: Assets/Resources/Animations/Clips/UI/BG_Idle.anim
  artifactKey: Guid(907c7975fade89b41ad64cef46a2722c) Importer(815301076,1909f56bfc062723c751e8b465ee728b)
Start importing Assets/Resources/Animations/Clips/UI/BG_Idle.anim using Guid(907c7975fade89b41ad64cef46a2722c) Importer(815301076,1909f56bfc062723c751e8b465ee728b)  -> (artifact id: '4565d67f8409b129cab04197c2802587') in 0.123310 seconds 
  Import took 0.126922 seconds .

========================================================================
Received Import Request.
  Time since last request: 1.113824 seconds.
  path: Assets/Resources/Animations/Clips/UI/BG_In.anim
  artifactKey: Guid(b8ad1f35c9d002443ba2b910a85166ef) Importer(815301076,1909f56bfc062723c751e8b465ee728b)
Start importing Assets/Resources/Animations/Clips/UI/BG_In.anim using Guid(b8ad1f35c9d002443ba2b910a85166ef) Importer(815301076,1909f56bfc062723c751e8b465ee728b)  -> (artifact id: '70dc7e550154f4fc1ed59d258698d8b3') in 0.010046 seconds 
  Import took 0.014165 seconds .

========================================================================
Received Prepare
Registering precompiled user dll's ...
Registered in 0.002919 seconds.
Begin MonoManager ReloadAssembly
Native extension for WindowsStandalone target not found
Refreshing native plugins compatible for Editor in 0.68 ms, found 2 plugins.
Preloading 0 native plugins for Editor in 0.00 ms.
Mono: successfully reloaded assembly
- Completed reload, in  0.769 seconds
Domain Reload Profiling:
	ReloadAssembly (769ms)
		BeginReloadAssembly (89ms)
			ExecutionOrderSort (0ms)
			DisableScriptedObjects (3ms)
			BackupInstance (0ms)
			ReleaseScriptingObjects (0ms)
			CreateAndSetChildDomain (26ms)
		EndReloadAssembly (636ms)
			LoadAssemblies (67ms)
			RebuildTransferFunctionScriptingTraits (0ms)
			SetupTypeCache (203ms)
			ReleaseScriptCaches (1ms)
			RebuildScriptCaches (28ms)
			SetupLoadedEditorAssemblies (243ms)
				LogAssemblyErrors (0ms)
				InitializePlatformSupportModulesInManaged (3ms)
				SetLoadedEditorAssemblies (0ms)
				RefreshPlugins (1ms)
				BeforeProcessingInitializeOnLoad (53ms)
				ProcessInitializeOnLoadAttributes (173ms)
				ProcessInitializeOnLoadMethodAttributes (8ms)
				AfterProcessingInitializeOnLoad (5ms)
				EditorAssembliesLoaded (0ms)
			ExecutionOrderSort2 (0ms)
			AwakeInstancesAfterBackupRestoration (5ms)
Platform modules already initialized, skipping
Switching build target platform(19) subTarget(0) extendedPlatform(0) -> platform(13) subTarget(537395200) extendedPlatform(0)
Refreshing native plugins compatible for Editor in 0.56 ms, found 2 plugins.
Preloading 0 native plugins for Editor in 0.00 ms.
Unloading 2065 Unused Serialized files (Serialized files now loaded: 0)
System memory in use before: 96.5 MB.
System memory in use after: 96.6 MB.

Unloading 16 unused Assets to reduce memory usage. Loaded Objects now: 2548.
Total: 3.251000 ms (FindLiveObjects: 0.393600 ms CreateObjectMapping: 0.076700 ms MarkObjects: 2.761500 ms  DeleteObjects: 0.016000 ms)

AssetImportParameters requested are different than current active one (requested -> active):
  custom:framework-win-MediaFoundation: 216162199b28c13a410421893ffa2e32 -> 
  custom:video-decoder-ogg-theora: a1e56fd34408186e4bbccfd4996cb3dc -> 
  custom:container-muxer-webm: aa71ff27fc2769a1b78a27578f13a17b -> 
  custom:container-demuxer-webm: 4f35f7cbe854078d1ac9338744f61a02 -> 
  custom:container-demuxer-ogg: 62fdf1f143b41e24485cea50d1cbac27 -> 
  custom:video-encoder-webm-vp8: eb34c28f22e8b96e1ab97ce403110664 -> 
  custom:video-decoder-webm-vp8: 9c59270c3fd7afecdb556c50c9e8de78 -> 
  custom:graphics/normal-map-encoding: 01000000000000000000000000000000 -> 02000000000000000000000000000000
  custom:audio-decoder-ogg-vorbis: bf7c407c2cedff20999df2af8eb42d56 -> 
  custom:audio-encoder-webm-vorbis: bf7c407c2cedff20999df2af8eb42d56 -> 
========================================================================
Received Prepare
Registering precompiled user dll's ...
Registered in 0.002771 seconds.
Begin MonoManager ReloadAssembly
Native extension for WindowsStandalone target not found
Refreshing native plugins compatible for Editor in 0.68 ms, found 2 plugins.
Preloading 0 native plugins for Editor in 0.00 ms.
Mono: successfully reloaded assembly
- Completed reload, in  0.801 seconds
Domain Reload Profiling:
	ReloadAssembly (802ms)
		BeginReloadAssembly (87ms)
			ExecutionOrderSort (0ms)
			DisableScriptedObjects (3ms)
			BackupInstance (0ms)
			ReleaseScriptingObjects (0ms)
			CreateAndSetChildDomain (26ms)
		EndReloadAssembly (668ms)
			LoadAssemblies (68ms)
			RebuildTransferFunctionScriptingTraits (0ms)
			SetupTypeCache (213ms)
			ReleaseScriptCaches (1ms)
			RebuildScriptCaches (32ms)
			SetupLoadedEditorAssemblies (246ms)
				LogAssemblyErrors (0ms)
				InitializePlatformSupportModulesInManaged (4ms)
				SetLoadedEditorAssemblies (0ms)
				RefreshPlugins (1ms)
				BeforeProcessingInitializeOnLoad (55ms)
				ProcessInitializeOnLoadAttributes (175ms)
				ProcessInitializeOnLoadMethodAttributes (7ms)
				AfterProcessingInitializeOnLoad (4ms)
				EditorAssembliesLoaded (0ms)
			ExecutionOrderSort2 (0ms)
			AwakeInstancesAfterBackupRestoration (5ms)
Platform modules already initialized, skipping
Switching build target platform(19) subTarget(0) extendedPlatform(0) -> platform(13) subTarget(537395200) extendedPlatform(0)
Refreshing native plugins compatible for Editor in 0.51 ms, found 2 plugins.
Preloading 0 native plugins for Editor in 0.00 ms.
Unloading 2065 Unused Serialized files (Serialized files now loaded: 0)
System memory in use before: 96.5 MB.
System memory in use after: 96.6 MB.

Unloading 16 unused Assets to reduce memory usage. Loaded Objects now: 2550.
Total: 2.373000 ms (FindLiveObjects: 0.131500 ms CreateObjectMapping: 0.034800 ms MarkObjects: 2.190100 ms  DeleteObjects: 0.015600 ms)

AssetImportParameters requested are different than current active one (requested -> active):
  custom:framework-win-MediaFoundation: 216162199b28c13a410421893ffa2e32 -> 
  custom:video-decoder-ogg-theora: a1e56fd34408186e4bbccfd4996cb3dc -> 
  custom:container-muxer-webm: aa71ff27fc2769a1b78a27578f13a17b -> 
  custom:container-demuxer-webm: 4f35f7cbe854078d1ac9338744f61a02 -> 
  custom:container-demuxer-ogg: 62fdf1f143b41e24485cea50d1cbac27 -> 
  custom:video-encoder-webm-vp8: eb34c28f22e8b96e1ab97ce403110664 -> 
  custom:video-decoder-webm-vp8: 9c59270c3fd7afecdb556c50c9e8de78 -> 
  custom:graphics/normal-map-encoding: 01000000000000000000000000000000 -> 02000000000000000000000000000000
  custom:audio-decoder-ogg-vorbis: bf7c407c2cedff20999df2af8eb42d56 -> 
  custom:audio-encoder-webm-vorbis: bf7c407c2cedff20999df2af8eb42d56 -> 
AssetImportWorkerClient::OnTransportError - code=2 error=End of file
