Using pre-set license
Built from '2020.3/staging' branch; Version is '2020.3.25f1 (9b9180224418) revision 10195328'; Using compiler version '192528614'; Build Type 'Release'
OS: 'Windows 10  (10.0.19044) 64bit CoreSingleLanguage' Language: 'en' Physical Memory: 16147 MB
BatchMode: 1, IsHumanControllingUs: 0, StartBugReporterOnCrash: 0, Is64bit: 1, IsPro: 0

COMMAND LINE ARGUMENTS:
C:\Program Files\Unity\Hub\Editor\2020.3.25f1\Editor\Unity.exe
-adb2
-batchMode
-noUpm
-name
AssetImportWorker0
-projectPath
F:/Data D/01 Kuliah/##GKM/Kost Simulator/##GitHub/KostSimulator/KostSimulator_Project_2020.3.25F1
-logFile
Logs/AssetImportWorker0.log
-srvPort
59581
Successfully changed project path to: F:/Data D/01 Kuliah/##GKM/Kost Simulator/##GitHub/KostSimulator/KostSimulator_Project_2020.3.25F1
F:/Data D/01 Kuliah/##GKM/Kost Simulator/##GitHub/KostSimulator/KostSimulator_Project_2020.3.25F1
Using Asset Import Pipeline V2.
Refreshing native plugins compatible for Editor in 39.69 ms, found 2 plugins.
Preloading 0 native plugins for Editor in 0.00 ms.
Initialize engine version: 2020.3.25f1 (9b9180224418)
[Subsystems] Discovering subsystems at path C:/Program Files/Unity/Hub/Editor/2020.3.25f1/Editor/Data/Resources/UnitySubsystems
[Subsystems] Discovering subsystems at path F:/Data D/01 Kuliah/##GKM/Kost Simulator/##GitHub/KostSimulator/KostSimulator_Project_2020.3.25F1/Assets
GfxDevice: creating device client; threaded=0
Direct3D:
    Version:  Direct3D 11.0 [level 11.1]
    Renderer: NVIDIA GeForce RTX 3060 Laptop GPU (ID=0x2520)
    Vendor:   
    VRAM:     6023 MB
    Driver:   27.21.14.6262
Invalid texture used for cursor - check importer settings or texture creation. Texture must be RGBA32, readable, have alphaIsTransparency enabled and have no mip chain.
Initialize mono
Mono path[0] = 'C:/Program Files/Unity/Hub/Editor/2020.3.25f1/Editor/Data/Managed'
Mono path[1] = 'C:/Program Files/Unity/Hub/Editor/2020.3.25f1/Editor/Data/MonoBleedingEdge/lib/mono/unityjit'
Mono config path = 'C:/Program Files/Unity/Hub/Editor/2020.3.25f1/Editor/Data/MonoBleedingEdge/etc'
Using monoOptions --debugger-agent=transport=dt_socket,embedding=1,server=y,suspend=n,address=127.0.0.1:56460
Begin MonoManager ReloadAssembly
Registering precompiled unity dll's ...
Register platform support module: C:/Program Files/Unity/Hub/Editor/2020.3.25f1/Editor/Data/PlaybackEngines/WindowsStandaloneSupport/UnityEditor.WindowsStandalone.Extensions.dll
Registered in 0.001441 seconds.
Native extension for WindowsStandalone target not found
Refreshing native plugins compatible for Editor in 39.70 ms, found 2 plugins.
Preloading 0 native plugins for Editor in 0.00 ms.
Mono: successfully reloaded assembly
- Completed reload, in  0.447 seconds
Domain Reload Profiling:
	ReloadAssembly (447ms)
		BeginReloadAssembly (40ms)
			ExecutionOrderSort (0ms)
			DisableScriptedObjects (0ms)
			BackupInstance (0ms)
			ReleaseScriptingObjects (0ms)
			CreateAndSetChildDomain (1ms)
		EndReloadAssembly (352ms)
			LoadAssemblies (38ms)
			RebuildTransferFunctionScriptingTraits (0ms)
			SetupTypeCache (119ms)
			ReleaseScriptCaches (0ms)
			RebuildScriptCaches (21ms)
			SetupLoadedEditorAssemblies (135ms)
				LogAssemblyErrors (0ms)
				InitializePlatformSupportModulesInManaged (3ms)
				SetLoadedEditorAssemblies (0ms)
				RefreshPlugins (40ms)
				BeforeProcessingInitializeOnLoad (10ms)
				ProcessInitializeOnLoadAttributes (61ms)
				ProcessInitializeOnLoadMethodAttributes (19ms)
				AfterProcessingInitializeOnLoad (0ms)
				EditorAssembliesLoaded (0ms)
			ExecutionOrderSort2 (0ms)
			AwakeInstancesAfterBackupRestoration (0ms)
Platform modules already initialized, skipping
Registering precompiled user dll's ...
Registered in 0.002852 seconds.
Begin MonoManager ReloadAssembly
Native extension for WindowsStandalone target not found
Refreshing native plugins compatible for Editor in 38.75 ms, found 2 plugins.
Preloading 0 native plugins for Editor in 0.00 ms.
Mono: successfully reloaded assembly
- Completed reload, in  0.790 seconds
Domain Reload Profiling:
	ReloadAssembly (790ms)
		BeginReloadAssembly (98ms)
			ExecutionOrderSort (0ms)
			DisableScriptedObjects (3ms)
			BackupInstance (0ms)
			ReleaseScriptingObjects (0ms)
			CreateAndSetChildDomain (14ms)
		EndReloadAssembly (648ms)
			LoadAssemblies (60ms)
			RebuildTransferFunctionScriptingTraits (0ms)
			SetupTypeCache (199ms)
			ReleaseScriptCaches (0ms)
			RebuildScriptCaches (33ms)
			SetupLoadedEditorAssemblies (279ms)
				LogAssemblyErrors (0ms)
				InitializePlatformSupportModulesInManaged (3ms)
				SetLoadedEditorAssemblies (0ms)
				RefreshPlugins (39ms)
				BeforeProcessingInitializeOnLoad (53ms)
				ProcessInitializeOnLoadAttributes (174ms)
				ProcessInitializeOnLoadMethodAttributes (6ms)
				AfterProcessingInitializeOnLoad (4ms)
				EditorAssembliesLoaded (0ms)
			ExecutionOrderSort2 (0ms)
			AwakeInstancesAfterBackupRestoration (5ms)
Platform modules already initialized, skipping
========================================================================
Worker process is ready to serve import requests
Launched and connected shader compiler UnityShaderCompiler.exe after 0.03 seconds
Refreshing native plugins compatible for Editor in 0.49 ms, found 2 plugins.
Preloading 0 native plugins for Editor in 0.00 ms.
Unloading 2086 Unused Serialized files (Serialized files now loaded: 0)
System memory in use before: 95.5 MB.
System memory in use after: 95.6 MB.

Unloading 23 unused Assets to reduce memory usage. Loaded Objects now: 2530.
Total: 2.343600 ms (FindLiveObjects: 0.121200 ms CreateObjectMapping: 0.033500 ms MarkObjects: 2.105400 ms  DeleteObjects: 0.082800 ms)

AssetImportParameters requested are different than current active one (requested -> active):
  custom:framework-win-MediaFoundation: 216162199b28c13a410421893ffa2e32 -> 
  custom:video-decoder-ogg-theora: a1e56fd34408186e4bbccfd4996cb3dc -> 
  custom:container-muxer-webm: aa71ff27fc2769a1b78a27578f13a17b -> 
  custom:container-demuxer-webm: 4f35f7cbe854078d1ac9338744f61a02 -> 
  custom:container-demuxer-ogg: 62fdf1f143b41e24485cea50d1cbac27 -> 
  custom:video-encoder-webm-vp8: eb34c28f22e8b96e1ab97ce403110664 -> 
  custom:video-decoder-webm-vp8: 9c59270c3fd7afecdb556c50c9e8de78 -> 
  custom:audio-decoder-ogg-vorbis: bf7c407c2cedff20999df2af8eb42d56 -> 
  custom:audio-encoder-webm-vorbis: bf7c407c2cedff20999df2af8eb42d56 -> 
========================================================================
Received Import Request.
  path: Assets/Scenes/GamePlay.unity
  artifactKey: Guid(6b67e7c6d8454df4eb0587630be019ec) Importer(815301076,1909f56bfc062723c751e8b465ee728b)
Start importing Assets/Scenes/GamePlay.unity using Guid(6b67e7c6d8454df4eb0587630be019ec) Importer(815301076,1909f56bfc062723c751e8b465ee728b)  -> (artifact id: '544d83771557ae9f2dc43bca338c5124') in 0.014947 seconds 
  Import took 0.017536 seconds .

========================================================================
Received Import Request.
  Time since last request: 413.258998 seconds.
  path: Assets/Resources/cutsene
  artifactKey: Guid(7b378cfd6cb399943ab3a61d97fb3f1e) Importer(815301076,1909f56bfc062723c751e8b465ee728b)
Start importing Assets/Resources/cutsene using Guid(7b378cfd6cb399943ab3a61d97fb3f1e) Importer(815301076,1909f56bfc062723c751e8b465ee728b)  -> (artifact id: '93ca259339a438bac8f408e310870073') in 0.015288 seconds 
  Import took 0.019841 seconds .

========================================================================
Received Import Request.
  Time since last request: 94.817985 seconds.
  path: Assets/Resources/cutsene/to_ibukos.playable
  artifactKey: Guid(3363cdbddedc2fc4db5c2deefd5b981d) Importer(815301076,1909f56bfc062723c751e8b465ee728b)
Start importing Assets/Resources/cutsene/to_ibukos.playable using Guid(3363cdbddedc2fc4db5c2deefd5b981d) Importer(815301076,1909f56bfc062723c751e8b465ee728b)  -> (artifact id: '25d2ff7f6315b03c086216a310060aea') in 0.028463 seconds 
  Import took 0.032356 seconds .

========================================================================
Received Import Request.
  Time since last request: 2520.095259 seconds.
  path: Assets/Resources/3D/Characters/FIX/Player(Female)/Animations/Pink Cat Run (1).controller
  artifactKey: Guid(b49abb777388a5c408b5fee038c29006) Importer(815301076,1909f56bfc062723c751e8b465ee728b)
Start importing Assets/Resources/3D/Characters/FIX/Player(Female)/Animations/Pink Cat Run (1).controller using Guid(b49abb777388a5c408b5fee038c29006) Importer(815301076,1909f56bfc062723c751e8b465ee728b)  -> (artifact id: '43829dfd13dfbbe25f7a8b9dc3e8ca1a') in 0.018329 seconds 
  Import took 0.024719 seconds .

========================================================================
Received Prepare
Registering precompiled user dll's ...
Registered in 0.003566 seconds.
Begin MonoManager ReloadAssembly
Native extension for WindowsStandalone target not found
Refreshing native plugins compatible for Editor in 0.52 ms, found 2 plugins.
Preloading 0 native plugins for Editor in 0.00 ms.
Mono: successfully reloaded assembly
- Completed reload, in  0.802 seconds
Domain Reload Profiling:
	ReloadAssembly (804ms)
		BeginReloadAssembly (146ms)
			ExecutionOrderSort (0ms)
			DisableScriptedObjects (9ms)
			BackupInstance (0ms)
			ReleaseScriptingObjects (0ms)
			CreateAndSetChildDomain (57ms)
		EndReloadAssembly (612ms)
			LoadAssemblies (69ms)
			RebuildTransferFunctionScriptingTraits (0ms)
			SetupTypeCache (207ms)
			ReleaseScriptCaches (1ms)
			RebuildScriptCaches (27ms)
			SetupLoadedEditorAssemblies (234ms)
				LogAssemblyErrors (0ms)
				InitializePlatformSupportModulesInManaged (3ms)
				SetLoadedEditorAssemblies (0ms)
				RefreshPlugins (1ms)
				BeforeProcessingInitializeOnLoad (51ms)
				ProcessInitializeOnLoadAttributes (169ms)
				ProcessInitializeOnLoadMethodAttributes (6ms)
				AfterProcessingInitializeOnLoad (4ms)
				EditorAssembliesLoaded (0ms)
			ExecutionOrderSort2 (0ms)
			AwakeInstancesAfterBackupRestoration (4ms)
Platform modules already initialized, skipping
Switching build target platform(19) subTarget(0) extendedPlatform(0) -> platform(13) subTarget(537395200) extendedPlatform(0)
Refreshing native plugins compatible for Editor in 1.08 ms, found 2 plugins.
Preloading 0 native plugins for Editor in 0.00 ms.
Unloading 2065 Unused Serialized files (Serialized files now loaded: 0)
System memory in use before: 93.5 MB.
System memory in use after: 93.6 MB.

Unloading 16 unused Assets to reduce memory usage. Loaded Objects now: 2532.
Total: 5.554600 ms (FindLiveObjects: 0.156100 ms CreateObjectMapping: 0.059800 ms MarkObjects: 5.303000 ms  DeleteObjects: 0.033900 ms)

AssetImportParameters requested are different than current active one (requested -> active):
  custom:framework-win-MediaFoundation: 216162199b28c13a410421893ffa2e32 -> 
  custom:video-decoder-ogg-theora: a1e56fd34408186e4bbccfd4996cb3dc -> 
  custom:container-muxer-webm: aa71ff27fc2769a1b78a27578f13a17b -> 
  custom:container-demuxer-webm: 4f35f7cbe854078d1ac9338744f61a02 -> 
  custom:container-demuxer-ogg: 62fdf1f143b41e24485cea50d1cbac27 -> 
  custom:video-encoder-webm-vp8: eb34c28f22e8b96e1ab97ce403110664 -> 
  custom:video-decoder-webm-vp8: 9c59270c3fd7afecdb556c50c9e8de78 -> 
  custom:graphics/normal-map-encoding: 01000000000000000000000000000000 -> 02000000000000000000000000000000
  custom:audio-decoder-ogg-vorbis: bf7c407c2cedff20999df2af8eb42d56 -> 
  custom:audio-encoder-webm-vorbis: bf7c407c2cedff20999df2af8eb42d56 -> 
========================================================================
Received Import Request.
  Time since last request: 200.163370 seconds.
  path: Assets/Resources/3D/Characters/FIX/Player(Female)/Animations/Player(Female).controller
  artifactKey: Guid(fddfbdbb66745e046817ddb079284c0e) Importer(815301076,1909f56bfc062723c751e8b465ee728b)
Start importing Assets/Resources/3D/Characters/FIX/Player(Female)/Animations/Player(Female).controller using Guid(fddfbdbb66745e046817ddb079284c0e) Importer(815301076,1909f56bfc062723c751e8b465ee728b)  -> (artifact id: '319f653f8712c982e70ee41f585abc2b') in 0.039117 seconds 
  Import took 0.042931 seconds .

========================================================================
Received Import Request.
  Time since last request: 178.842618 seconds.
  path: Assets/Resources/3D/Characters/FIX/Player(Female)/Animations/Pink Cat Run (1) 1.controller
  artifactKey: Guid(42cf5461feec43e4bbe54fd4efd7d182) Importer(815301076,1909f56bfc062723c751e8b465ee728b)
Start importing Assets/Resources/3D/Characters/FIX/Player(Female)/Animations/Pink Cat Run (1) 1.controller using Guid(42cf5461feec43e4bbe54fd4efd7d182) Importer(815301076,1909f56bfc062723c751e8b465ee728b)  -> (artifact id: '49ec64ff547d48b173c060103a5a40c2') in 0.009781 seconds 
  Import took 0.014283 seconds .

========================================================================
Received Import Request.
  Time since last request: 1155.571175 seconds.
  path: Assets/Resources/3D/Characters/DEMO (for testing purpose only)/Racoon/Animations/Raccoon Warrior@Walking.fbx
  artifactKey: Guid(e5f103d451ab8a4419c68adddffb5b8b) Importer(815301076,1909f56bfc062723c751e8b465ee728b)
Start importing Assets/Resources/3D/Characters/DEMO (for testing purpose only)/Racoon/Animations/Raccoon Warrior@Walking.fbx using Guid(e5f103d451ab8a4419c68adddffb5b8b) Importer(815301076,1909f56bfc062723c751e8b465ee728b)  -> (artifact id: 'd002bc36c6c9daf74a40e6f0473144fd') in 0.100578 seconds 
  Import took 0.104586 seconds .

========================================================================
Received Import Request.
  Time since last request: 615.339510 seconds.
  path: Assets/cutsene/Test.playable
  artifactKey: Guid(64aa36cf08ea28241a8f59e469632b6a) Importer(815301076,1909f56bfc062723c751e8b465ee728b)
Start importing Assets/cutsene/Test.playable using Guid(64aa36cf08ea28241a8f59e469632b6a) Importer(815301076,1909f56bfc062723c751e8b465ee728b)  -> (artifact id: 'e25eb35d5355374df67d527a02b8fb05') in 0.015262 seconds 
  Import took 0.020437 seconds .

AssetImportWorkerClient::OnTransportError - code=2 error=End of file
